{
  "stats": {
    "suites": 1,
    "tests": 3,
    "passes": 3,
    "pending": 0,
    "failures": 0,
    "start": "2023-04-25T14:39:37.259Z",
    "end": "2023-04-25T14:39:43.301Z",
    "duration": 6042,
    "testsRegistered": 3,
    "passPercent": 100,
    "pendingPercent": 0,
    "other": 0,
    "hasOther": false,
    "skipped": 0,
    "hasSkipped": false
  },
  "results": [
    {
      "uuid": "4e4f4bbf-fecb-4348-9e98-67095c851abd",
      "title": "",
      "fullFile": "cypress\\tests\\e2e\\2-advanced-examples\\window.cy.js",
      "file": "cypress\\tests\\e2e\\2-advanced-examples\\window.cy.js",
      "beforeHooks": [],
      "afterHooks": [],
      "tests": [],
      "suites": [
        {
          "uuid": "58c79b84-11a3-417b-916d-115087a7f143",
          "title": "Window",
          "fullFile": "",
          "file": "",
          "beforeHooks": [],
          "afterHooks": [],
          "tests": [
            {
              "title": "cy.window() - get the global window object",
              "fullTitle": "Window cy.window() - get the global window object",
              "timedOut": null,
              "duration": 3273,
              "state": "passed",
              "speed": "fast",
              "pass": true,
              "fail": false,
              "pending": false,
              "context": null,
              "code": "// https://on.cypress.io/window\ncy.window().should('have.property', 'top');",
              "err": {},
              "uuid": "58600dd1-0cc5-4cc4-b0a0-b4e95518ce53",
              "parentUUID": "58c79b84-11a3-417b-916d-115087a7f143",
              "isHook": false,
              "skipped": false
            },
            {
              "title": "cy.document() - get the document object",
              "fullTitle": "Window cy.document() - get the document object",
              "timedOut": null,
              "duration": 218,
              "state": "passed",
              "speed": "fast",
              "pass": true,
              "fail": false,
              "pending": false,
              "context": null,
              "code": "// https://on.cypress.io/document\ncy.document().should('have.property', 'charset').and('eq', 'UTF-8');",
              "err": {},
              "uuid": "ad022d3b-ac78-4d1a-b7bc-5862b850c740",
              "parentUUID": "58c79b84-11a3-417b-916d-115087a7f143",
              "isHook": false,
              "skipped": false
            },
            {
              "title": "cy.title() - get the title",
              "fullTitle": "Window cy.title() - get the title",
              "timedOut": null,
              "duration": 219,
              "state": "passed",
              "speed": "fast",
              "pass": true,
              "fail": false,
              "pending": false,
              "context": null,
              "code": "// https://on.cypress.io/title\ncy.title().should('include', 'Kitchen Sink');",
              "err": {},
              "uuid": "a5c6d4d7-6c64-4f3e-9f90-ff94d9fe78e0",
              "parentUUID": "58c79b84-11a3-417b-916d-115087a7f143",
              "isHook": false,
              "skipped": false
            }
          ],
          "suites": [],
          "passes": [
            "58600dd1-0cc5-4cc4-b0a0-b4e95518ce53",
            "ad022d3b-ac78-4d1a-b7bc-5862b850c740",
            "a5c6d4d7-6c64-4f3e-9f90-ff94d9fe78e0"
          ],
          "failures": [],
          "pending": [],
          "skipped": [],
          "duration": 3710,
          "root": false,
          "rootEmpty": false,
          "_timeout": 2000
        }
      ],
      "passes": [],
      "failures": [],
      "pending": [],
      "skipped": [],
      "duration": 0,
      "root": true,
      "rootEmpty": true,
      "_timeout": 2000
    }
  ],
  "meta": {
    "mocha": {
      "version": "7.0.1"
    },
    "mochawesome": {
      "options": {
        "quiet": false,
        "reportFilename": "mochawesome",
        "saveHtml": true,
        "saveJson": true,
        "consoleReporter": "spec",
        "useInlineDiffs": false,
        "code": true
      },
      "version": "7.1.3"
    },
    "marge": {
      "options": {
        "reportDir": "cypress/results",
        "overwrite": true,
        "html": true,
        "json": true
      },
      "version": "6.2.0"
    }
  }
}